<?xml version="1.0" encoding="UTF-8"?>
<!-- Generated by org.testng.reporters.JUnitXMLReporter -->
<testsuite ignored="0" hostname="DESKTOP-1D8BIFF" failures="0" tests="1" name="EdgeTest" time="48.775" errors="0" timestamp="2024-10-25T13:56:16 IST">
  <testcase classname="TestNg.BaseClass" name="@BeforeClass launchBrowser" time="48.658">
    <failure type="org.openqa.selenium.remote.NoSuchDriverException" message="Unable to obtain: Capabilities {browserName: MicrosoftEdge, ms:edgeOptions: {args: [], extensions: []}}, error Command failed with code: 65, executed: [--browser, MicrosoftEdge, --language-binding, java, --output, json]
MicrosoftEdge 130 cannot be downloaded
Build info: version: &amp;apos;4.17.0&amp;apos;, revision: &amp;apos;e52b1be057*&amp;apos;
System info: os.name: &amp;apos;Windows 11&amp;apos;, os.arch: &amp;apos;amd64&amp;apos;, os.version: &amp;apos;10.0&amp;apos;, java.version: &amp;apos;22.0.1&amp;apos;
Driver info: driver.version: EdgeDriver">
      <![CDATA[org.openqa.selenium.remote.NoSuchDriverException: Unable to obtain: Capabilities {browserName: MicrosoftEdge, ms:edgeOptions: {args: [], extensions: []}}, error Command failed with code: 65, executed: [--browser, MicrosoftEdge, --language-binding, java, --output, json]
MicrosoftEdge 130 cannot be downloaded
Build info: version: '4.17.0', revision: 'e52b1be057*'
System info: os.name: 'Windows 11', os.arch: 'amd64', os.version: '10.0', java.version: '22.0.1'
Driver info: driver.version: EdgeDriver
at org.openqa.selenium.remote.service.DriverFinder.getPath(DriverFinder.java:48)
at org.openqa.selenium.remote.service.DriverFinder.getPath(DriverFinder.java:33)
at org.openqa.selenium.edge.EdgeDriver.generateExecutor(EdgeDriver.java:71)
at org.openqa.selenium.edge.EdgeDriver.<init>(EdgeDriver.java:61)
at org.openqa.selenium.edge.EdgeDriver.<init>(EdgeDriver.java:57)
at org.openqa.selenium.edge.EdgeDriver.<init>(EdgeDriver.java:49)
at org.openqa.selenium.edge.EdgeDriver.<init>(EdgeDriver.java:45)
at TestNg.BaseClass.launchBrowser(BaseClass.java:55)
at java.base/java.util.ArrayList.forEach(ArrayList.java:1597)
Caused by: org.openqa.selenium.WebDriverException: Command failed with code: 65, executed: [--browser, MicrosoftEdge, --language-binding, java, --output, json]
MicrosoftEdge 130 cannot be downloaded
Build info: version: '4.17.0', revision: 'e52b1be057*'
System info: os.name: 'Windows 11', os.arch: 'amd64', os.version: '10.0', java.version: '22.0.1'
Driver info: driver.version: EdgeDriver
at org.openqa.selenium.manager.SeleniumManager.runCommand(SeleniumManager.java:159)
at org.openqa.selenium.manager.SeleniumManager.getDriverPath(SeleniumManager.java:303)
at org.openqa.selenium.remote.service.DriverFinder.getPath(DriverFinder.java:45)
... 31 more
... Removed 23 stack frames]]>
    </failure>
  </testcase> <!-- @BeforeClass launchBrowser -->
  <testcase classname="TestNg.BaseClass" name="@BeforeMethod login" time="-1.729844776507E9">
    <skipped/>
  </testcase> <!-- @BeforeMethod login -->
  <testcase classname="TestNg.BaseClass" name="@AfterMethod logout" time="-1.72984477652E9">
    <skipped/>
  </testcase> <!-- @AfterMethod logout -->
  <testcase classname="TestNg.BaseClass" name="@AfterClass closeBrowser" time="-1.729844776523E9">
    <skipped/>
  </testcase> <!-- @AfterClass closeBrowser -->
  <testcase classname="TestNg.TestScript" name="ClickOnBooks" time="0.0">
    <skipped/>
  </testcase> <!-- ClickOnBooks -->
</testsuite> <!-- EdgeTest -->
